============== BHHH ===============

Size = 6
Data size = 21
[ 398.204 -23.7616 -329.605 41.3076 -0.290868 950.926 ;
-23.7616 173.897 -132.271 3.11046 -0.0384512 1240.82 ;
-329.605 -132.271 732.036 -51.579 0.404107 -3118.17 ;
41.3076 3.11046 -51.579 7.95619 -0.0567366 253.482 ;
-0.290868 -0.0384512 0.404107 -0.0567366 0.00833833 -2.40699 ;
950.926 1240.82 -3118.17 253.482 -2.40699 193673 ;
]

============== Hessian ===============

Size = 6
Data size = 21
[ 398.593 -22.6023 -330.387 42.7132 -0.384901 1048.79 ;
-22.6023 173.808 -132.844 4.4576 -0.0188412 1096.94 ;
-330.387 -132.844 731.63 -51.2946 0.420279 -3521.01 ;
42.7132 4.4576 -51.2946 8.27413 -0.0706946 286.83 ;
-0.384901 -0.0188412 0.420279 -0.0706946 0.334547 -4.54764 ;
1048.79 1096.94 -3521.01 286.83 -4.54764 183577 ;
]

