BTREta1 = 0.01
BTREta2 = 0.9
BTRGamma2 = 0.5
BTRIncreaseTRRadius = 2
BTRMaxIter = 1000
BTRInitQuasiNewtonWithTrueHessian = 0
BTRSignificantDigits = 7
BTRUsePreconditioner = 0
BTRMaxTRRadius = 1e+010
BTRTypf = 1
BTRTolerance = 6.05545e-006
TolSchnabelEskow = 0.00492157
BTRExactHessian = 0
BTRCheapHessian = 1
BTRInitRadius = 1
BTRMinTRRadius = 1e-007
BTRArmijoBeta1 = 0.1
BTRArmijoBeta2 = 0.9
gevStopFileName = STOP
BTRStartDraws = 10
BTRIncreaseDraws = 2
BTRMaxGcpIter = 10000
TSFractionGradientRequired = 0.1
TSExpTheta = 0.5
BTRUnfeasibleCGIterations = 0
BTRQuasiNewtonUpdate = 1
BTRKappaUbs = 0.1
BTRKappaLbs = 0.9
BTRKappaFrd = 0.5
BTRKappaEpp = 0.25
solvoptErrorArgument = 0.0001
solvoptErrorFunction = 1e-006
solvoptMaxIter = 1000
solvoptDisplay = 1
donlp2Epsx = 1e-005
donlp2Delmin = 1e-006
donlp2Smallw = 3.66685e-011
donlp2Epsdif = 0
donlp2NReset = 9
gevAlgo = BIO
gevScreenPrintLevel = 1
gevLogFilePrintLevel = 2
gevRandomDistrib = PSEUDO
gevPrintVarCovarAsList = 1
gevPrintVarCovarAsMatrix = 0
gevPrintPValue = 1
gevDecimalDigitsStats = 3
gevSignificantDigitsParameters = 3
gevDecimalDigitsTTest = 2
gevNumberOfThreads = 2
cfsqpMaxIter = 1000
gevStoreDataOnFile = 0
gevBufferSize = 100000
gevOne = one
gevGeneratePythonFile = 0
gevReadDrawsFromFile = 0
gevSeed = 9021967
gevAntitheticDraws = 1
gevDumpDrawsOnFile = 0
gevSummaryParameters = summary.lis
gevGenerateActualSample = 0
gevDataFileDisplayStep = 500
gevMissingValue = 99999
gevDebugDataFirstRow = 0
gevDebugDataLastRow = 0
gevAutomaticScalingOfLinearUtility = 0
gevWarningLowDraws = 1000
gevCheckDerivatives = 0
gevSaveIntermediateResults = 0
gevVarCovarFromBHHH = 0
svdMaxIter = 60
gevSingularValueThreshold = 0.0001
gevTtestThreshold = 1.96
gevWarningSign = *
gevSummaryFile = summary.html
gevGenerateFilesForDenis = 0
